#
# A fatal error has been detected by the Java Runtime Environment:
#
#  EXCEPTION_ACCESS_VIOLATION (0xc0000005) at pc=0x000007fec41f6221, pid=7360, tid=3356
#
# JRE version: OpenJDK Runtime Environment (11.0.8+10) (build 11.0.8+10-b944.6842174)
# Java VM: OpenJDK 64-Bit Server VM (11.0.8+10-b944.6842174, mixed mode, tiered, compressed oops, g1 gc, windows-amd64)
# Problematic frame:
# V  [jvm.dll+0x196221]
#
# No core dump will be written. Minidumps are not enabled by default on client versions of Windows
#
# If you would like to submit a bug report, please visit:
#   https://bugreport.java.com/bugreport/crash.jsp
#

---------------  S U M M A R Y ------------

Command Line: --add-opens=java.base/java.util=ALL-UNNAMED --add-opens=java.base/java.lang=ALL-UNNAMED --add-opens=java.base/java.lang.invoke=ALL-UNNAMED --add-opens=java.prefs/java.util.prefs=ALL-UNNAMED -Xmx1536M -Dfile.encoding=x-windows-950 -Duser.country=HK -Duser.language=zh -Duser.variant org.gradle.launcher.daemon.bootstrap.GradleDaemon 6.7

Host: Intel(R) Core(TM) i5-2430M CPU @ 2.40GHz, 4 cores, 7G,  Windows 7 , 64 bit Build 7601 (6.1.7601.24545)
Time: Thu Jul 22 13:06:02 2021 ??¢Xe?D¡PCRE?! elapsed time: 3 seconds (0d 0h 0m 3s)

---------------  T H R E A D  ---------------

Current thread (0x000000001c3d8800):  JavaThread "C2 CompilerThread0" daemon [_thread_in_native, id=3356, stack(0x000000001cd50000,0x000000001ce50000)]


Current CompileTask:
C2:   3698 1923   !   4       java.lang.ClassLoader::loadClass (122 bytes)

Stack: [0x000000001cd50000,0x000000001ce50000],  sp=0x000000001ce4c0a0,  free space=1008k
Native frames: (J=compiled Java code, j=interpreted, Vv=VM code, C=native code)
V  [jvm.dll+0x196221]
V  [jvm.dll+0x19400b]
V  [jvm.dll+0x1f780e]
V  [jvm.dll+0x1f68d4]
V  [jvm.dll+0x17f32c]
V  [jvm.dll+0x205047]
V  [jvm.dll+0x203891]
V  [jvm.dll+0x6dad3f]
V  [jvm.dll+0x6d3895]
V  [jvm.dll+0x5dd4a6]
C  [ucrtbase.DLL+0x1f4a0]
C  [kernel32.dll+0x1556d]
C  [ntdll.dll+0x5372d]


siginfo: EXCEPTION_ACCESS_VIOLATION (0xc0000005), reading address 0xffffffffffffffff


Register to memory mapping:

RIP=0x000007fec41f6221 jvm.dll
RAX=0x010007fec485b1a0 is an unknown value
RBX=0x000000001d354f78 points into unknown readable memory: 18 27 7f c4 fe 07 00 00
RCX=0x000000001d355560 points into unknown readable memory: a0 b1 85 c4 fe 07 00 01
RDX=0x000000001ce4c520 is pointing into the stack for thread: 0x000000001c3d8800
RSP=0x000000001ce4c0a0 is pointing into the stack for thread: 0x000000001c3d8800
RBP=0x000000001ce4c5c0 is pointing into the stack for thread: 0x000000001c3d8800
RSI=0x0000000000000003 is an unknown value
RDI=0x000000001d355560 points into unknown readable memory: a0 b1 85 c4 fe 07 00 01
R8 =0x00000000215916d0 points into unknown readable memory: 00 00 00 00 01 00 00 00
R9 =0x0000000000000800 is an unknown value
R10=0x000000001d2e2e08 points into unknown readable memory: f8 b9 84 c4 fe 07 00 00
R11=0x0 is NULL
R12=0x0000000000000013 is an unknown value
R13=0x000000001f98f8b8 points into unknown readable memory: b0 3e 7c c4 fe 07 00 00
R14=0x00000000243a3fc8 points into unknown readable memory: c0 f6 7a c4 fe 07 00 00
R15=0x000000001e509040 points into unknown readable memory: 88 ec e4 1c 00 00 00 00


Registers:
RAX=0x010007fec485b1a0, RBX=0x000000001d354f78, RCX=0x000000001d355560, RDX=0x000000001ce4c520
RSP=0x000000001ce4c0a0, RBP=0x000000001ce4c5c0, RSI=0x0000000000000003, RDI=0x000000001d355560
R8 =0x00000000215916d0, R9 =0x0000000000000800, R10=0x000000001d2e2e08, R11=0x0000000000000000
R12=0x0000000000000013, R13=0x000000001f98f8b8, R14=0x00000000243a3fc8, R15=0x000000001e509040
RIP=0x000007fec41f6221, EFLAGS=0x0000000000010283

Top of Stack: (sp=0x000000001ce4c0a0)
0x000000001ce4c0a0:   000000001f9911b8 000000001f98f998
0x000000001ce4c0b0:   000000001ce4c5c0 0000000020c5e930
0x000000001ce4c0c0:   0000000022da0000 0000000000000000
0x000000001ce4c0d0:   0000000000000000 000007fec48bd100
0x000000001ce4c0e0:   0000000000000000 000007fec484bd40
0x000000001ce4c0f0:   0000000000000000 0000000000000000
0x000000001ce4c100:   0000000000000000 000007fec484bd40
0x000000001ce4c110:   0000000000000000 000000001e26f1c0
0x000000001ce4c120:   000000001e26f1c0 000000001e26f1d0
0x000000001ce4c130:   0000000000000008 00000000000003d8
0x000000001ce4c140:   0000000000000000 000000001ce4c6a8
0x000000001ce4c150:   000000001ce4c260 000007fec41f400b
0x000000001ce4c160:   0000000000000296 0000000000000002
0x000000001ce4c170:   0000000020d56e68 000000001ce4c5c0
0x000000001ce4c180:   0000000000008900 0000000000000000
0x000000001ce4c190:   0000000000000006 000000001e26f1c0 

Instructions: (pc=0x000007fec41f6221)
0x000007fec41f6121:   55 48 81 ec b0 00 00 00 48 8b e9 4c 8d 05 ed 6a
0x000007fec41f6131:   86 00 48 8d 4c 24 20 48 8d 15 01 5c 65 00 e8 1c
0x000007fec41f6141:   10 06 00 48 8b 55 48 48 8b 42 18 83 78 18 00 76
0x000007fec41f6151:   09 48 8b 40 20 48 8b 00 eb 02 33 c0 48 8b 40 08
0x000007fec41f6161:   48 8b 48 08 48 8b 41 08 48 8b 40 18 48 89 84 24
0x000007fec41f6171:   d0 00 00 00 33 c0 89 84 24 c0 00 00 00 39 42 40
0x000007fec41f6181:   0f 86 a5 02 00 00 48 89 9c 24 d8 00 00 00 48 89
0x000007fec41f6191:   b4 24 a8 00 00 00 48 89 bc 24 a0 00 00 00 4c 89
0x000007fec41f61a1:   a4 24 98 00 00 00 4c 89 ac 24 90 00 00 00 4c 89
0x000007fec41f61b1:   b4 24 88 00 00 00 4c 89 bc 24 80 00 00 00 90 8b
0x000007fec41f61c1:   c8 48 8b 42 30 48 8b 3c c8 4c 8d 7f 10 44 8b 67
0x000007fec41f61d1:   28 41 ff cc 45 3b 67 08 73 0a 49 8b 47 10 4a 8b
0x000007fec41f61e1:   1c e0 eb 02 33 db 48 8b 03 48 8b cb ff 50 20 48
0x000007fec41f61f1:   3b c3 74 04 44 2b 67 48 be 01 00 00 00 44 3b e6
0x000007fec41f6201:   0f 82 d0 01 00 00 41 3b 77 08 73 0c 49 8b 47 10
0x000007fec41f6211:   8b ce 48 8b 3c c8 eb 02 33 ff 48 8b 07 48 8b cf
0x000007fec41f6221:   ff 90 b0 00 00 00 83 f8 ff 0f 84 9c 01 00 00 8b
0x000007fec41f6231:   d0 48 8b cf e8 c6 ff 37 00 48 8b 4f 08 8b d0 89
0x000007fec41f6241:   84 24 c8 00 00 00 4c 8b 2c d1 49 63 4d 28 3b 8d
0x000007fec41f6251:   10 01 00 00 72 04 33 c9 eb 35 48 8b 85 28 01 00
0x000007fec41f6261:   00 48 63 0c 88 85 c9 74 26 3b 8d e8 00 00 00 73
0x000007fec41f6271:   1e 4c 8b 85 08 01 00 00 41 8b 04 88 3b c1 74 0d
0x000007fec41f6281:   8b d0 48 63 c8 41 8b 04 88 3b c2 75 f3 8b c8 8b
0x000007fec41f6291:   c1 48 8d 0c 80 48 8b 45 70 48 c1 e1 05 48 03 48
0x000007fec41f62a1:   20 0f b7 81 94 00 00 00 8b 51 30 2b d0 ff c2 3b
0x000007fec41f62b1:   15 92 dc 81 00 0f 8c 0a 01 00 00 48 8b cd e8 7c
0x000007fec41f62c1:   db 49 00 48 8b 5d 10 44 8b f0 8b 93 a8 01 00 00
0x000007fec41f62d1:   2b 93 d0 01 00 00 3b 53 60 76 2d 80 3d 9f b7 7e
0x000007fec41f62e1:   00 00 48 8d 15 66 5a 65 00 48 8b 8b 50 01 00 00
0x000007fec41f62f1:   41 0f 94 c0 e8 06 5e 00 00 48 8d 15 4f 5a 65 00
0x000007fec41f6301:   48 8b cb e8 97 9a 06 00 48 8b 4d 10 48 8b 81 50
0x000007fec41f6311:   01 00 00 48 83 78 60 00 0f 85 d5 00 00 00 48 83 


Stack slot to memory mapping:
stack at sp + 0 slots: 0x000000001f9911b8 points into unknown readable memory: b0 35 83 c4 fe 07 00 00
stack at sp + 1 slots: 0x000000001f98f998 points into unknown readable memory: 18 39 7e c4 fe 07 00 00
stack at sp + 2 slots: 0x000000001ce4c5c0 is pointing into the stack for thread: 0x000000001c3d8800
stack at sp + 3 slots: 0x0000000020c5e930 points into unknown readable memory: 88 ec e4 1c 00 00 00 00
stack at sp + 4 slots: 0x0000000022da0000 points into unknown readable memory: 00 00 00 00 00 00 00 00
stack at sp + 5 slots: 0x0 is NULL
stack at sp + 6 slots: 0x0 is NULL
stack at sp + 7 slots: 0x000007fec48bd100 jvm.dll


---------------  P R O C E S S  ---------------

Threads class SMR info:
_java_thread_list=0x000000002123c590, length=25, elements={
0x0000000000221800, 0x000000001c3a3800, 0x000000001c3a4800, 0x000000001c3d0000,
0x000000001c3d5000, 0x000000001c3d8800, 0x000000001c3dc800, 0x000000001c3e6000,
0x000000001d11d000, 0x000000001d18b800, 0x000000001fd90000, 0x000000001eac6000,
0x000000001ed67000, 0x000000001d220800, 0x000000001f313000, 0x000000001e922000,
0x000000001fdb8000, 0x000000001e85d800, 0x000000001eb1c000, 0x000000001ead5000,
0x000000001ff64800, 0x000000001ff65800, 0x000000001ff66000, 0x000000001f0ec800,
0x000000001ff67000
}

Java Threads: ( => current thread )
  0x0000000000221800 JavaThread "main" [_thread_blocked, id=5928, stack(0x0000000001ed0000,0x0000000001fd0000)]
  0x000000001c3a3800 JavaThread "Reference Handler" daemon [_thread_blocked, id=2356, stack(0x000000001c680000,0x000000001c780000)]
  0x000000001c3a4800 JavaThread "Finalizer" daemon [_thread_blocked, id=6072, stack(0x000000001c820000,0x000000001c920000)]
  0x000000001c3d0000 JavaThread "Signal Dispatcher" daemon [_thread_blocked, id=8100, stack(0x000000001c960000,0x000000001ca60000)]
  0x000000001c3d5000 JavaThread "Attach Listener" daemon [_thread_blocked, id=7440, stack(0x000000001cac0000,0x000000001cbc0000)]
=>0x000000001c3d8800 JavaThread "C2 CompilerThread0" daemon [_thread_in_native, id=3356, stack(0x000000001cd50000,0x000000001ce50000)]
  0x000000001c3dc800 JavaThread "C1 CompilerThread0" daemon [_thread_blocked, id=560, stack(0x000000001cbc0000,0x000000001ccc0000)]
  0x000000001c3e6000 JavaThread "Sweeper thread" daemon [_thread_blocked, id=6480, stack(0x000000001cf40000,0x000000001d040000)]
  0x000000001d11d000 JavaThread "Common-Cleaner" daemon [_thread_blocked, id=7868, stack(0x000000001c570000,0x000000001c670000)]
  0x000000001d18b800 JavaThread "Service Thread" daemon [_thread_blocked, id=6288, stack(0x000000001d520000,0x000000001d620000)]
  0x000000001fd90000 JavaThread "Daemon health stats" [_thread_blocked, id=7728, stack(0x0000000021b10000,0x0000000021c10000)]
  0x000000001eac6000 JavaThread "Incoming local TCP Connector on port 49753" [_thread_in_native, id=4888, stack(0x00000000222b0000,0x00000000223b0000)]
  0x000000001ed67000 JavaThread "Daemon periodic checks" [_thread_blocked, id=1896, stack(0x0000000021fa0000,0x00000000220a0000)]
  0x000000001d220800 JavaThread "Daemon" [_thread_blocked, id=5200, stack(0x0000000022720000,0x0000000022820000)]
  0x000000001f313000 JavaThread "Handler for socket connection from /127.0.0.1:49753 to /127.0.0.1:49754" [_thread_in_native, id=7272, stack(0x00000000225e0000,0x00000000226e0000)]
  0x000000001e922000 JavaThread "Cancel handler" [_thread_blocked, id=6440, stack(0x0000000022960000,0x0000000022a60000)]
  0x000000001fdb8000 JavaThread "Daemon worker" [_thread_in_vm, id=7084, stack(0x0000000022b50000,0x0000000022c50000)]
  0x000000001e85d800 JavaThread "Asynchronous log dispatcher for DefaultDaemonConnection: socket connection from /127.0.0.1:49753 to /127.0.0.1:49754" [_thread_blocked, id=5408, stack(0x0000000022840000,0x0000000022940000)]
  0x000000001eb1c000 JavaThread "Stdin handler" [_thread_blocked, id=2724, stack(0x0000000022db0000,0x0000000022eb0000)]
  0x000000001ead5000 JavaThread "Thread-8" [_thread_blocked, id=6488, stack(0x0000000022f10000,0x0000000023010000)]
  0x000000001ff64800 JavaThread "Cache worker for file hash cache (C:\Users\Vicki\.gradle\caches\6.7\fileHashes)" [_thread_blocked, id=5472, stack(0x0000000023460000,0x0000000023560000)]
  0x000000001ff65800 JavaThread "File lock request listener" [_thread_in_native, id=7792, stack(0x0000000023590000,0x0000000023690000)]
  0x000000001ff66000 JavaThread "Cache worker for journal cache (C:\Users\Vicki\.gradle\caches\journal-1)" [_thread_blocked, id=5520, stack(0x0000000020780000,0x0000000020880000)]
  0x000000001f0ec800 JavaThread "C2 CompilerThread1" daemon [_thread_in_native, id=5764, stack(0x0000000023890000,0x0000000023990000)]
  0x000000001ff67000 JavaThread "Cache worker for file hash cache (C:\dev2\flutterup\ml_kit\android\.gradle\6.7\fileHashes)" [_thread_blocked, id=1768, stack(0x0000000025180000,0x0000000025280000)]

Other Threads:
  0x000000001c35f800 VMThread "VM Thread" [stack: 0x000000001c450000,0x000000001c550000] [id=8120]
  0x000000001d196000 WatcherThread [stack: 0x000000001d720000,0x000000001d820000] [id=6784]
  0x0000000000239000 GCTaskThread "GC Thread#0" [stack: 0x0000000015130000,0x0000000015230000] [id=5556]
  0x000000001de0a800 GCTaskThread "GC Thread#1" [stack: 0x000000001d620000,0x000000001d720000] [id=6056]
  0x000000001df70800 GCTaskThread "GC Thread#2" [stack: 0x000000001d9a0000,0x000000001daa0000] [id=4060]
  0x000000002004a000 GCTaskThread "GC Thread#3" [stack: 0x00000000232e0000,0x00000000233e0000] [id=7200]
  0x0000000000260000 ConcurrentGCThread "G1 Main Marker" [stack: 0x0000000018fa0000,0x00000000190a0000] [id=6392]
  0x0000000000261800 ConcurrentGCThread "G1 Conc#0" [stack: 0x0000000019150000,0x0000000019250000] [id=5560]
  0x000000001b5f8800 ConcurrentGCThread "G1 Refine#0" [stack: 0x000000001b950000,0x000000001ba50000] [id=7944]
  0x000000001b5f9800 ConcurrentGCThread "G1 Young RemSet Sampling" [stack: 0x000000001b830000,0x000000001b930000] [id=5712]

Threads with active compile tasks:
C2 CompilerThread0   3890 1923   !   4       java.lang.ClassLoader::loadClass (122 bytes)
C2 CompilerThread1   3890 1986       4       java.net.URLClassLoader$1::run (5 bytes)

VM state:not at safepoint (normal execution)

VM Mutex/Monitor currently owned by a thread: None

Heap address: 0x00000000a0000000, size: 1536 MB, Compressed Oops mode: 32-bit
Narrow klass base: 0x0000000000000000, Narrow klass shift: 3
Compressed class space size: 1073741824 Address: 0x000000013ffe0000

Heap:
 garbage-first heap   total 155648K, used 62541K [0x00000000a0000000, 0x0000000100000000)
  region size 1024K, 50 young (51200K), 3 survivors (3072K)
 Metaspace       used 25796K, capacity 26376K, committed 26624K, reserved 1073152K
  class space    used 3359K, capacity 3549K, committed 3584K, reserved 1048576K
Heap Regions: E=young(eden), S=young(survivor), O=old, HS=humongous(starts), HC=humongous(continues), CS=collection set, F=free, A=archive, TAMS=top-at-mark-start (previous, next)
|   0|0x00000000a0000000, 0x00000000a0100000, 0x00000000a0100000|100%| O|  |TAMS 0x00000000a0100000, 0x00000000a0000000| Untracked 
|   1|0x00000000a0100000, 0x00000000a0200000, 0x00000000a0200000|100%| O|  |TAMS 0x00000000a0200000, 0x00000000a0100000| Untracked 
|   2|0x00000000a0200000, 0x00000000a0300000, 0x00000000a0300000|100%| O|  |TAMS 0x00000000a0300000, 0x00000000a0200000| Untracked 
|   3|0x00000000a0300000, 0x00000000a0400000, 0x00000000a0400000|100%|HS|  |TAMS 0x00000000a0400000, 0x00000000a0300000| Complete 
|   4|0x00000000a0400000, 0x00000000a0500000, 0x00000000a0500000|100%|HC|  |TAMS 0x00000000a0500000, 0x00000000a0400000| Complete 
|   5|0x00000000a0500000, 0x00000000a0600000, 0x00000000a0600000|100%|HC|  |TAMS 0x00000000a0600000, 0x00000000a0500000| Complete 
|   6|0x00000000a0600000, 0x00000000a0700000, 0x00000000a0700000|100%| O|  |TAMS 0x00000000a0700000, 0x00000000a0600000| Untracked 
|   7|0x00000000a0700000, 0x00000000a0800000, 0x00000000a0800000|100%| O|  |TAMS 0x00000000a0800000, 0x00000000a0700000| Untracked 
|   8|0x00000000a0800000, 0x00000000a0900000, 0x00000000a0900000|100%| O|  |TAMS 0x00000000a0900000, 0x00000000a0800000| Untracked 
|   9|0x00000000a0900000, 0x00000000a0a00000, 0x00000000a0a00000|100%| O|  |TAMS 0x00000000a0a00000, 0x00000000a0900000| Untracked 
|  10|0x00000000a0a00000, 0x00000000a0b00000, 0x00000000a0b00000|100%| O|  |TAMS 0x00000000a0b00000, 0x00000000a0a00000| Untracked 
|  11|0x00000000a0b00000, 0x00000000a0c00000, 0x00000000a0c00000|100%| O|  |TAMS 0x00000000a0c00000, 0x00000000a0b00000| Untracked 
|  12|0x00000000a0c00000, 0x00000000a0d00000, 0x00000000a0d00000|100%| O|  |TAMS 0x00000000a0d00000, 0x00000000a0c00000| Untracked 
|  13|0x00000000a0d00000, 0x00000000a0d13400, 0x00000000a0e00000|  7%| O|  |TAMS 0x00000000a0d13400, 0x00000000a0d00000| Untracked 
|  14|0x00000000a0e00000, 0x00000000a0e00000, 0x00000000a0f00000|  0%| F|  |TAMS 0x00000000a0e00000, 0x00000000a0e00000| Untracked 
|  15|0x00000000a0f00000, 0x00000000a0f00000, 0x00000000a1000000|  0%| F|  |TAMS 0x00000000a0f00000, 0x00000000a0f00000| Untracked 
|  16|0x00000000a1000000, 0x00000000a1000000, 0x00000000a1100000|  0%| F|  |TAMS 0x00000000a1000000, 0x00000000a1000000| Untracked 
|  17|0x00000000a1100000, 0x00000000a1100000, 0x00000000a1200000|  0%| F|  |TAMS 0x00000000a1100000, 0x00000000a1100000| Untracked 
|  18|0x00000000a1200000, 0x00000000a1200000, 0x00000000a1300000|  0%| F|  |TAMS 0x00000000a1200000, 0x00000000a1200000| Untracked 
|  19|0x00000000a1300000, 0x00000000a1300000, 0x00000000a1400000|  0%| F|  |TAMS 0x00000000a1300000, 0x00000000a1300000| Untracked 
|  20|0x00000000a1400000, 0x00000000a1400000, 0x00000000a1500000|  0%| F|  |TAMS 0x00000000a1400000, 0x00000000a1400000| Untracked 
|  21|0x00000000a1500000, 0x00000000a1500000, 0x00000000a1600000|  0%| F|  |TAMS 0x00000000a1500000, 0x00000000a1500000| Untracked 
|  22|0x00000000a1600000, 0x00000000a1600000, 0x00000000a1700000|  0%| F|  |TAMS 0x00000000a1600000, 0x00000000a1600000| Untracked 
|  23|0x00000000a1700000, 0x00000000a1700000, 0x00000000a1800000|  0%| F|  |TAMS 0x00000000a1700000, 0x00000000a1700000| Untracked 
|  24|0x00000000a1800000, 0x00000000a1800000, 0x00000000a1900000|  0%| F|  |TAMS 0x00000000a1800000, 0x00000000a1800000| Untracked 
|  25|0x00000000a1900000, 0x00000000a1900000, 0x00000000a1a00000|  0%| F|  |TAMS 0x00000000a1900000, 0x00000000a1900000| Untracked 
|  26|0x00000000a1a00000, 0x00000000a1a00000, 0x00000000a1b00000|  0%| F|  |TAMS 0x00000000a1a00000, 0x00000000a1a00000| Untracked 
|  27|0x00000000a1b00000, 0x00000000a1b00000, 0x00000000a1c00000|  0%| F|  |TAMS 0x00000000a1b00000, 0x00000000a1b00000| Untracked 
|  28|0x00000000a1c00000, 0x00000000a1c00000, 0x00000000a1d00000|  0%| F|  |TAMS 0x00000000a1c00000, 0x00000000a1c00000| Untracked 
|  29|0x00000000a1d00000, 0x00000000a1d00000, 0x00000000a1e00000|  0%| F|  |TAMS 0x00000000a1d00000, 0x00000000a1d00000| Untracked 
|  30|0x00000000a1e00000, 0x00000000a1e00000, 0x00000000a1f00000|  0%| F|  |TAMS 0x00000000a1e00000, 0x00000000a1e00000| Untracked 
|  31|0x00000000a1f00000, 0x00000000a1f00000, 0x00000000a2000000|  0%| F|  |TAMS 0x00000000a1f00000, 0x00000000a1f00000| Untracked 
|  32|0x00000000a2000000, 0x00000000a2000000, 0x00000000a2100000|  0%| F|  |TAMS 0x00000000a2000000, 0x00000000a2000000| Untracked 
|  33|0x00000000a2100000, 0x00000000a2100000, 0x00000000a2200000|  0%| F|  |TAMS 0x00000000a2100000, 0x00000000a2100000| Untracked 
|  34|0x00000000a2200000, 0x00000000a2200000, 0x00000000a2300000|  0%| F|  |TAMS 0x00000000a2200000, 0x00000000a2200000| Untracked 
|  35|0x00000000a2300000, 0x00000000a2300000, 0x00000000a2400000|  0%| F|  |TAMS 0x00000000a2300000, 0x00000000a2300000| Untracked 
|  36|0x00000000a2400000, 0x00000000a2400000, 0x00000000a2500000|  0%| F|  |TAMS 0x00000000a2400000, 0x00000000a2400000| Untracked 
|  37|0x00000000a2500000, 0x00000000a2500000, 0x00000000a2600000|  0%| F|  |TAMS 0x00000000a2500000, 0x00000000a2500000| Untracked 
|  38|0x00000000a2600000, 0x00000000a2600000, 0x00000000a2700000|  0%| F|  |TAMS 0x00000000a2600000, 0x00000000a2600000| Untracked 
|  39|0x00000000a2700000, 0x00000000a2700000, 0x00000000a2800000|  0%| F|  |TAMS 0x00000000a2700000, 0x00000000a2700000| Untracked 
|  40|0x00000000a2800000, 0x00000000a2800000, 0x00000000a2900000|  0%| F|  |TAMS 0x00000000a2800000, 0x00000000a2800000| Untracked 
|  41|0x00000000a2900000, 0x00000000a2900000, 0x00000000a2a00000|  0%| F|  |TAMS 0x00000000a2900000, 0x00000000a2900000| Untracked 
|  42|0x00000000a2a00000, 0x00000000a2a00000, 0x00000000a2b00000|  0%| F|  |TAMS 0x00000000a2a00000, 0x00000000a2a00000| Untracked 
|  43|0x00000000a2b00000, 0x00000000a2b00000, 0x00000000a2c00000|  0%| F|  |TAMS 0x00000000a2b00000, 0x00000000a2b00000| Untracked 
|  44|0x00000000a2c00000, 0x00000000a2c00000, 0x00000000a2d00000|  0%| F|  |TAMS 0x00000000a2c00000, 0x00000000a2c00000| Untracked 
|  45|0x00000000a2d00000, 0x00000000a2d00000, 0x00000000a2e00000|  0%| F|  |TAMS 0x00000000a2d00000, 0x00000000a2d00000| Untracked 
|  46|0x00000000a2e00000, 0x00000000a2e00000, 0x00000000a2f00000|  0%| F|  |TAMS 0x00000000a2e00000, 0x00000000a2e00000| Untracked 
|  47|0x00000000a2f00000, 0x00000000a2f00000, 0x00000000a3000000|  0%| F|  |TAMS 0x00000000a2f00000, 0x00000000a2f00000| Untracked 
|  48|0x00000000a3000000, 0x00000000a3000000, 0x00000000a3100000|  0%| F|  |TAMS 0x00000000a3000000, 0x00000000a3000000| Untracked 
|  49|0x00000000a3100000, 0x00000000a3100000, 0x00000000a3200000|  0%| F|  |TAMS 0x00000000a3100000, 0x00000000a3100000| Untracked 
|  50|0x00000000a3200000, 0x00000000a3200000, 0x00000000a3300000|  0%| F|  |TAMS 0x00000000a3200000, 0x00000000a3200000| Untracked 
|  51|0x00000000a3300000, 0x00000000a3300000, 0x00000000a3400000|  0%| F|  |TAMS 0x00000000a3300000, 0x00000000a3300000| Untracked 
|  52|0x00000000a3400000, 0x00000000a3400000, 0x00000000a3500000|  0%| F|  |TAMS 0x00000000a3400000, 0x00000000a3400000| Untracked 
|  53|0x00000000a3500000, 0x00000000a3500000, 0x00000000a3600000|  0%| F|  |TAMS 0x00000000a3500000, 0x00000000a3500000| Untracked 
|  54|0x00000000a3600000, 0x00000000a3600000, 0x00000000a3700000|  0%| F|  |TAMS 0x00000000a3600000, 0x00000000a3600000| Untracked 
|  55|0x00000000a3700000, 0x00000000a3700000, 0x00000000a3800000|  0%| F|  |TAMS 0x00000000a3700000, 0x00000000a3700000| Untracked 
|  56|0x00000000a3800000, 0x00000000a3800000, 0x00000000a3900000|  0%| F|  |TAMS 0x00000000a3800000, 0x00000000a3800000| Untracked 
|  57|0x00000000a3900000, 0x00000000a3900000, 0x00000000a3a00000|  0%| F|  |TAMS 0x00000000a3900000, 0x00000000a3900000| Untracked 
|  58|0x00000000a3a00000, 0x00000000a3a00000, 0x00000000a3b00000|  0%| F|  |TAMS 0x00000000a3a00000, 0x00000000a3a00000| Untracked 
|  59|0x00000000a3b00000, 0x00000000a3b00000, 0x00000000a3c00000|  0%| F|  |TAMS 0x00000000a3b00000, 0x00000000a3b00000| Untracked 
|  60|0x00000000a3c00000, 0x00000000a3c00000, 0x00000000a3d00000|  0%| F|  |TAMS 0x00000000a3c00000, 0x00000000a3c00000| Untracked 
|  61|0x00000000a3d00000, 0x00000000a3d00000, 0x00000000a3e00000|  0%| F|  |TAMS 0x00000000a3d00000, 0x00000000a3d00000| Untracked 
|  62|0x00000000a3e00000, 0x00000000a3e00000, 0x00000000a3f00000|  0%| F|  |TAMS 0x00000000a3e00000, 0x00000000a3e00000| Untracked 
|  63|0x00000000a3f00000, 0x00000000a3f00000, 0x00000000a4000000|  0%| F|  |TAMS 0x00000000a3f00000, 0x00000000a3f00000| Untracked 
|  64|0x00000000a4000000, 0x00000000a4000000, 0x00000000a4100000|  0%| F|  |TAMS 0x00000000a4000000, 0x00000000a4000000| Untracked 
|  65|0x00000000a4100000, 0x00000000a4100000, 0x00000000a4200000|  0%| F|  |TAMS 0x00000000a4100000, 0x00000000a4100000| Untracked 
|  66|0x00000000a4200000, 0x00000000a4200000, 0x00000000a4300000|  0%| F|  |TAMS 0x00000000a4200000, 0x00000000a4200000| Untracked 
|  67|0x00000000a4300000, 0x00000000a4300000, 0x00000000a4400000|  0%| F|  |TAMS 0x00000000a4300000, 0x00000000a4300000| Untracked 
|  68|0x00000000a4400000, 0x00000000a4400000, 0x00000000a4500000|  0%| F|  |TAMS 0x00000000a4400000, 0x00000000a4400000| Untracked 
|  69|0x00000000a4500000, 0x00000000a4500000, 0x00000000a4600000|  0%| F|  |TAMS 0x00000000a4500000, 0x00000000a4500000| Untracked 
|  70|0x00000000a4600000, 0x00000000a4600000, 0x00000000a4700000|  0%| F|  |TAMS 0x00000000a4600000, 0x00000000a4600000| Untracked 
|  71|0x00000000a4700000, 0x00000000a4700000, 0x00000000a4800000|  0%| F|  |TAMS 0x00000000a4700000, 0x00000000a4700000| Untracked 
|  72|0x00000000a4800000, 0x00000000a4800000, 0x00000000a4900000|  0%| F|  |TAMS 0x00000000a4800000, 0x00000000a4800000| Untracked 
|  73|0x00000000a4900000, 0x00000000a4900000, 0x00000000a4a00000|  0%| F|  |TAMS 0x00000000a4900000, 0x00000000a4900000| Untracked 
|  74|0x00000000a4a00000, 0x00000000a4a00000, 0x00000000a4b00000|  0%| F|  |TAMS 0x00000000a4a00000, 0x00000000a4a00000| Untracked 
|  75|0x00000000a4b00000, 0x00000000a4b00000, 0x00000000a4c00000|  0%| F|  |TAMS 0x00000000a4b00000, 0x00000000a4b00000| Untracked 
|  76|0x00000000a4c00000, 0x00000000a4c00000, 0x00000000a4d00000|  0%| F|  |TAMS 0x00000000a4c00000, 0x00000000a4c00000| Untracked 
|  77|0x00000000a4d00000, 0x00000000a4d00000, 0x00000000a4e00000|  0%| F|  |TAMS 0x00000000a4d00000, 0x00000000a4d00000| Untracked 
|  78|0x00000000a4e00000, 0x00000000a4e00000, 0x00000000a4f00000|  0%| F|  |TAMS 0x00000000a4e00000, 0x00000000a4e00000| Untracked 
|  79|0x00000000a4f00000, 0x00000000a4f00000, 0x00000000a5000000|  0%| F|  |TAMS 0x00000000a4f00000, 0x00000000a4f00000| Untracked 
|  80|0x00000000a5000000, 0x00000000a5000000, 0x00000000a5100000|  0%| F|  |TAMS 0x00000000a5000000, 0x00000000a5000000| Untracked 
|  81|0x00000000a5100000, 0x00000000a5100000, 0x00000000a5200000|  0%| F|  |TAMS 0x00000000a5100000, 0x00000000a5100000| Untracked 
|  82|0x00000000a5200000, 0x00000000a5200000, 0x00000000a5300000|  0%| F|  |TAMS 0x00000000a5200000, 0x00000000a5200000| Untracked 
|  83|0x00000000a5300000, 0x00000000a5300000, 0x00000000a5400000|  0%| F|  |TAMS 0x00000000a5300000, 0x00000000a5300000| Untracked 
|  84|0x00000000a5400000, 0x00000000a5400000, 0x00000000a5500000|  0%| F|  |TAMS 0x00000000a5400000, 0x00000000a5400000| Untracked 
|  85|0x00000000a5500000, 0x00000000a5500000, 0x00000000a5600000|  0%| F|  |TAMS 0x00000000a5500000, 0x00000000a5500000| Untracked 
|  86|0x00000000a5600000, 0x00000000a5600000, 0x00000000a5700000|  0%| F|  |TAMS 0x00000000a5600000, 0x00000000a5600000| Untracked 
|  87|0x00000000a5700000, 0x00000000a5700000, 0x00000000a5800000|  0%| F|  |TAMS 0x00000000a5700000, 0x00000000a5700000| Untracked 
|  88|0x00000000a5800000, 0x00000000a5800000, 0x00000000a5900000|  0%| F|  |TAMS 0x00000000a5800000, 0x00000000a5800000| Untracked 
|  89|0x00000000a5900000, 0x00000000a5900000, 0x00000000a5a00000|  0%| F|  |TAMS 0x00000000a5900000, 0x00000000a5900000| Untracked 
|  90|0x00000000a5a00000, 0x00000000a5a00000, 0x00000000a5b00000|  0%| F|  |TAMS 0x00000000a5a00000, 0x00000000a5a00000| Untracked 
|  91|0x00000000a5b00000, 0x00000000a5b00000, 0x00000000a5c00000|  0%| F|  |TAMS 0x00000000a5b00000, 0x00000000a5b00000| Untracked 
|  92|0x00000000a5c00000, 0x00000000a5c00000, 0x00000000a5d00000|  0%| F|  |TAMS 0x00000000a5c00000, 0x00000000a5c00000| Untracked 
|  93|0x00000000a5d00000, 0x00000000a5d00000, 0x00000000a5e00000|  0%| F|  |TAMS 0x00000000a5d00000, 0x00000000a5d00000| Untracked 
|  94|0x00000000a5e00000, 0x00000000a5e00000, 0x00000000a5f00000|  0%| F|  |TAMS 0x00000000a5e00000, 0x00000000a5e00000| Untracked 
|  95|0x00000000a5f00000, 0x00000000a5f00000, 0x00000000a6000000|  0%| F|  |TAMS 0x00000000a5f00000, 0x00000000a5f00000| Untracked 
|  96|0x00000000a6000000, 0x00000000a6000000, 0x00000000a6100000|  0%| F|  |TAMS 0x00000000a6000000, 0x00000000a6000000| Untracked 
|  97|0x00000000a6100000, 0x00000000a6100000, 0x00000000a6200000|  0%| F|  |TAMS 0x00000000a6100000, 0x00000000a6100000| Untracked 
|  98|0x00000000a6200000, 0x00000000a6200000, 0x00000000a6300000|  0%| F|  |TAMS 0x00000000a6200000, 0x00000000a6200000| Untracked 
|  99|0x00000000a6300000, 0x00000000a6300000, 0x00000000a6400000|  0%| F|  |TAMS 0x00000000a6300000, 0x00000000a6300000| Untracked 
| 100|0x00000000a6400000, 0x00000000a6400000, 0x00000000a6500000|  0%| F|  |TAMS 0x00000000a6400000, 0x00000000a6400000| Untracked 
| 101|0x00000000a6500000, 0x00000000a6500000, 0x00000000a6600000|  0%| F|  |TAMS 0x00000000a6500000, 0x00000000a6500000| Untracked 
| 102|0x00000000a6600000, 0x00000000a667c110, 0x00000000a6700000| 48%| E|  |TAMS 0x00000000a6600000, 0x00000000a6600000| Complete 
| 103|0x00000000a6700000, 0x00000000a6800000, 0x00000000a6800000|100%| E|CS|TAMS 0x00000000a6700000, 0x00000000a6700000| Complete 
| 104|0x00000000a6800000, 0x00000000a6900000, 0x00000000a6900000|100%| E|CS|TAMS 0x00000000a6800000, 0x00000000a6800000| Complete 
| 105|0x00000000a6900000, 0x00000000a6a00000, 0x00000000a6a00000|100%| E|CS|TAMS 0x00000000a6900000, 0x00000000a6900000| Complete 
| 106|0x00000000a6a00000, 0x00000000a6b00000, 0x00000000a6b00000|100%| E|CS|TAMS 0x00000000a6a00000, 0x00000000a6a00000| Complete 
| 107|0x00000000a6b00000, 0x00000000a6c00000, 0x00000000a6c00000|100%| E|CS|TAMS 0x00000000a6b00000, 0x00000000a6b00000| Complete 
| 108|0x00000000a6c00000, 0x00000000a6d00000, 0x00000000a6d00000|100%| E|CS|TAMS 0x00000000a6c00000, 0x00000000a6c00000| Complete 
| 109|0x00000000a6d00000, 0x00000000a6e00000, 0x00000000a6e00000|100%| S|CS|TAMS 0x00000000a6d00000, 0x00000000a6d00000| Complete 
| 110|0x00000000a6e00000, 0x00000000a6f00000, 0x00000000a6f00000|100%| S|CS|TAMS 0x00000000a6e00000, 0x00000000a6e00000| Complete 
| 111|0x00000000a6f00000, 0x00000000a7000000, 0x00000000a7000000|100%| S|CS|TAMS 0x00000000a6f00000, 0x00000000a6f00000| Complete 
| 112|0x00000000a7000000, 0x00000000a7100000, 0x00000000a7100000|100%| E|CS|TAMS 0x00000000a7000000, 0x00000000a7000000| Complete 
| 113|0x00000000a7100000, 0x00000000a7200000, 0x00000000a7200000|100%| E|CS|TAMS 0x00000000a7100000, 0x00000000a7100000| Complete 
| 114|0x00000000a7200000, 0x00000000a7300000, 0x00000000a7300000|100%| E|CS|TAMS 0x00000000a7200000, 0x00000000a7200000| Complete 
| 115|0x00000000a7300000, 0x00000000a7400000, 0x00000000a7400000|100%| E|CS|TAMS 0x00000000a7300000, 0x00000000a7300000| Complete 
| 116|0x00000000a7400000, 0x00000000a7500000, 0x00000000a7500000|100%| E|CS|TAMS 0x00000000a7400000, 0x00000000a7400000| Complete 
| 117|0x00000000a7500000, 0x00000000a7600000, 0x00000000a7600000|100%| E|CS|TAMS 0x00000000a7500000, 0x00000000a7500000| Complete 
| 118|0x00000000a7600000, 0x00000000a7700000, 0x00000000a7700000|100%| E|CS|TAMS 0x00000000a7600000, 0x00000000a7600000| Complete 
| 119|0x00000000a7700000, 0x00000000a7800000, 0x00000000a7800000|100%| E|CS|TAMS 0x00000000a7700000, 0x00000000a7700000| Complete 
| 120|0x00000000a7800000, 0x00000000a7900000, 0x00000000a7900000|100%| E|CS|TAMS 0x00000000a7800000, 0x00000000a7800000| Complete 
| 121|0x00000000a7900000, 0x00000000a7a00000, 0x00000000a7a00000|100%| E|CS|TAMS 0x00000000a7900000, 0x00000000a7900000| Complete 
| 122|0x00000000a7a00000, 0x00000000a7b00000, 0x00000000a7b00000|100%| E|  |TAMS 0x00000000a7a00000, 0x00000000a7a00000| Complete 
| 123|0x00000000a7b00000, 0x00000000a7c00000, 0x00000000a7c00000|100%| E|CS|TAMS 0x00000000a7b00000, 0x00000000a7b00000| Complete 
| 124|0x00000000a7c00000, 0x00000000a7d00000, 0x00000000a7d00000|100%| E|CS|TAMS 0x00000000a7c00000, 0x00000000a7c00000| Complete 
| 125|0x00000000a7d00000, 0x00000000a7e00000, 0x00000000a7e00000|100%| E|CS|TAMS 0x00000000a7d00000, 0x00000000a7d00000| Complete 
| 126|0x00000000a7e00000, 0x00000000a7f00000, 0x00000000a7f00000|100%| E|CS|TAMS 0x00000000a7e00000, 0x00000000a7e00000| Complete 
| 127|0x00000000a7f00000, 0x00000000a8000000, 0x00000000a8000000|100%| E|CS|TAMS 0x00000000a7f00000, 0x00000000a7f00000| Complete 
| 128|0x00000000a8000000, 0x00000000a8100000, 0x00000000a8100000|100%| E|CS|TAMS 0x00000000a8000000, 0x00000000a8000000| Complete 
| 129|0x00000000a8100000, 0x00000000a8200000, 0x00000000a8200000|100%| E|CS|TAMS 0x00000000a8100000, 0x00000000a8100000| Complete 
| 130|0x00000000a8200000, 0x00000000a8300000, 0x00000000a8300000|100%| E|CS|TAMS 0x00000000a8200000, 0x00000000a8200000| Complete 
| 131|0x00000000a8300000, 0x00000000a8400000, 0x00000000a8400000|100%| E|CS|TAMS 0x00000000a8300000, 0x00000000a8300000| Complete 
| 132|0x00000000a8400000, 0x00000000a8500000, 0x00000000a8500000|100%| E|CS|TAMS 0x00000000a8400000, 0x00000000a8400000| Complete 
| 133|0x00000000a8500000, 0x00000000a8600000, 0x00000000a8600000|100%| E|CS|TAMS 0x00000000a8500000, 0x00000000a8500000| Complete 
| 134|0x00000000a8600000, 0x00000000a8700000, 0x00000000a8700000|100%| E|CS|TAMS 0x00000000a8600000, 0x00000000a8600000| Complete 
| 135|0x00000000a8700000, 0x00000000a8800000, 0x00000000a8800000|100%| E|CS|TAMS 0x00000000a8700000, 0x00000000a8700000| Complete 
| 136|0x00000000a8800000, 0x00000000a8900000, 0x00000000a8900000|100%| E|CS|TAMS 0x00000000a8800000, 0x00000000a8800000| Complete 
| 137|0x00000000a8900000, 0x00000000a8a00000, 0x00000000a8a00000|100%| E|CS|TAMS 0x00000000a8900000, 0x00000000a8900000| Complete 
| 138|0x00000000a8a00000, 0x00000000a8b00000, 0x00000000a8b00000|100%| E|CS|TAMS 0x00000000a8a00000, 0x00000000a8a00000| Complete 
| 139|0x00000000a8b00000, 0x00000000a8c00000, 0x00000000a8c00000|100%| E|CS|TAMS 0x00000000a8b00000, 0x00000000a8b00000| Complete 
| 140|0x00000000a8c00000, 0x00000000a8d00000, 0x00000000a8d00000|100%| E|CS|TAMS 0x00000000a8c00000, 0x00000000a8c00000| Complete 
| 141|0x00000000a8d00000, 0x00000000a8e00000, 0x00000000a8e00000|100%| E|CS|TAMS 0x00000000a8d00000, 0x00000000a8d00000| Complete 
| 142|0x00000000a8e00000, 0x00000000a8f00000, 0x00000000a8f00000|100%| E|CS|TAMS 0x00000000a8e00000, 0x00000000a8e00000| Complete 
| 143|0x00000000a8f00000, 0x00000000a9000000, 0x00000000a9000000|100%| E|CS|TAMS 0x00000000a8f00000, 0x00000000a8f00000| Complete 
| 144|0x00000000a9000000, 0x00000000a9100000, 0x00000000a9100000|100%| E|CS|TAMS 0x00000000a9000000, 0x00000000a9000000| Complete 
| 145|0x00000000a9100000, 0x00000000a9200000, 0x00000000a9200000|100%| E|CS|TAMS 0x00000000a9100000, 0x00000000a9100000| Complete 
| 146|0x00000000a9200000, 0x00000000a9300000, 0x00000000a9300000|100%| E|CS|TAMS 0x00000000a9200000, 0x00000000a9200000| Complete 
| 147|0x00000000a9300000, 0x00000000a9400000, 0x00000000a9400000|100%| E|CS|TAMS 0x00000000a9300000, 0x00000000a9300000| Complete 
| 148|0x00000000a9400000, 0x00000000a9500000, 0x00000000a9500000|100%| E|CS|TAMS 0x00000000a9400000, 0x00000000a9400000| Complete 
| 149|0x00000000a9500000, 0x00000000a9600000, 0x00000000a9600000|100%| E|CS|TAMS 0x00000000a9500000, 0x00000000a9500000| Complete 
| 150|0x00000000a9600000, 0x00000000a9700000, 0x00000000a9700000|100%| E|CS|TAMS 0x00000000a9600000, 0x00000000a9600000| Complete 
| 151|0x00000000a9700000, 0x00000000a9800000, 0x00000000a9800000|100%| E|CS|TAMS 0x00000000a9700000, 0x00000000a9700000| Complete 

Card table byte_map: [0x0000000015970000,0x0000000015c70000] _byte_map_base: 0x0000000015470000

Marking Bits (Prev, Next): (CMBitMap*) 0x00000000002594c0, (CMBitMap*) 0x0000000000259488
 Prev Bits: [0x0000000017770000, 0x0000000018f70000)
 Next Bits: [0x0000000015f70000, 0x0000000017770000)

Polling page: 0x0000000000330000

Metaspace:

Usage:
  Non-class:     22.35 MB capacity,    21.95 MB ( 98%) used,   374.18 KB (  2%) free+waste,    44.69 KB ( <1%) overhead. 
      Class:      3.50 MB capacity,     3.29 MB ( 94%) used,   190.94 KB (  5%) free+waste,    22.19 KB ( <1%) overhead. 
       Both:     25.85 MB capacity,    25.23 MB ( 98%) used,   565.12 KB (  2%) free+waste,    66.88 KB ( <1%) overhead. 

Virtual space:
  Non-class space:       24.00 MB reserved,      22.50 MB ( 94%) committed 
      Class space:        1.00 GB reserved,       3.50 MB ( <1%) committed 
             Both:        1.02 GB reserved,      26.00 MB (  2%) committed 

Chunk freelists:
   Non-Class:  21.00 KB
       Class:  3.00 KB
        Both:  24.00 KB

MaxMetaspaceSize: 17179869184.00 GB
CompressedClassSpaceSize: 1.00 GB

CodeHeap 'non-profiled nmethods': size=120064Kb used=840Kb max_used=840Kb free=119223Kb
 bounds [0x000000000db40000, 0x000000000ddb0000, 0x0000000015080000]
CodeHeap 'profiled nmethods': size=120000Kb used=4064Kb max_used=4064Kb free=115935Kb
 bounds [0x0000000006610000, 0x0000000006a10000, 0x000000000db40000]
CodeHeap 'non-nmethods': size=5696Kb used=1145Kb max_used=1158Kb free=4550Kb
 bounds [0x0000000006080000, 0x00000000062f0000, 0x0000000006610000]
 total_blobs=2417 nmethods=1932 adapters=396
 compilation: enabled
              stopped_count=0, restarted_count=0
 full_count=0

Compilation events (20 events):
Event: 3.674 Thread 0x000000001c3dc800 2102       3       jdk.internal.misc.Unsafe::getShortUnaligned (12 bytes)
Event: 3.674 Thread 0x000000001c3dc800 nmethod 2102 0x00000000069deb10 code [0x00000000069decc0, 0x00000000069deef8]
Event: 3.674 Thread 0x000000001c3dc800 2103       3       jdk.internal.misc.Unsafe::getShortUnaligned (33 bytes)
Event: 3.675 Thread 0x000000001c3dc800 nmethod 2103 0x00000000069df010 code [0x00000000069df1e0, 0x00000000069df578]
Event: 3.675 Thread 0x000000001c3dc800 2104       3       jdk.internal.misc.Unsafe::convEndian (16 bytes)
Event: 3.675 Thread 0x000000001c3dc800 nmethod 2104 0x00000000069df710 code [0x00000000069df8c0, 0x00000000069dfa78]
Event: 3.675 Thread 0x000000001c3dc800 2105       3       java.lang.Short::reverseBytes (14 bytes)
Event: 3.675 Thread 0x000000001c3dc800 nmethod 2105 0x00000000069dfb10 code [0x00000000069dfcc0, 0x00000000069dfdb8]
Event: 3.675 Thread 0x000000001c3dc800 2106       3       java.util.concurrent.locks.ReentrantLock::<init> (16 bytes)
Event: 3.676 Thread 0x000000001c3dc800 nmethod 2106 0x00000000069dfe90 code [0x00000000069e0080, 0x00000000069e0478]
Event: 3.676 Thread 0x000000001c3dc800 2107       3       java.io.FilterOutputStream::<init> (21 bytes)
Event: 3.676 Thread 0x000000001c3dc800 nmethod 2107 0x00000000069e0610 code [0x00000000069e07e0, 0x00000000069e0b18]
Event: 3.678 Thread 0x000000001c3dc800 2108       3       jdk.internal.reflect.NativeMethodAccessorImpl::invoke (104 bytes)
Event: 3.679 Thread 0x000000001c3dc800 nmethod 2108 0x00000000069e0c10 code [0x00000000069e0ec0, 0x00000000069e1d98]
Event: 3.683 Thread 0x000000001c3dc800 2110       3       jdk.internal.reflect.ReflectionFactory::copyConstructor (10 bytes)
Event: 3.684 Thread 0x000000001c3dc800 nmethod 2110 0x00000000069e2290 code [0x00000000069e2480, 0x00000000069e2788]
Event: 3.684 Thread 0x000000001c3dc800 2111       3       java.lang.reflect.ReflectAccess::copyConstructor (5 bytes)
Event: 3.684 Thread 0x000000001c3dc800 nmethod 2111 0x00000000069e2910 code [0x00000000069e2ac0, 0x00000000069e2be8]
Event: 3.684 Thread 0x000000001c3dc800 2112       3       java.lang.reflect.Constructor::copy (72 bytes)
Event: 3.684 Thread 0x000000001c3dc800 nmethod 2112 0x00000000069e2c90 code [0x00000000069e2e60, 0x00000000069e31f8]

GC Heap History (10 events):
Event: 0.597 GC heap before
{Heap before GC invocations=0 (full 0):
 garbage-first heap   total 129024K, used 19456K [0x00000000a0000000, 0x0000000100000000)
  region size 1024K, 14 young (14336K), 0 survivors (0K)
 Metaspace       used 7397K, capacity 7519K, committed 7680K, reserved 1056768K
  class space    used 676K, capacity 716K, committed 768K, reserved 1048576K
}
Event: 0.602 GC heap after
{Heap after GC invocations=1 (full 0):
 garbage-first heap   total 129024K, used 8158K [0x00000000a0000000, 0x0000000100000000)
  region size 1024K, 2 young (2048K), 2 survivors (2048K)
 Metaspace       used 7397K, capacity 7519K, committed 7680K, reserved 1056768K
  class space    used 676K, capacity 716K, committed 768K, reserved 1048576K
}
Event: 0.997 GC heap before
{Heap before GC invocations=1 (full 0):
 garbage-first heap   total 129024K, used 20446K [0x00000000a0000000, 0x0000000100000000)
  region size 1024K, 14 young (14336K), 2 survivors (2048K)
 Metaspace       used 10859K, capacity 11082K, committed 11264K, reserved 1058816K
  class space    used 1145K, capacity 1203K, committed 1280K, reserved 1048576K
}
Event: 1.002 GC heap after
{Heap after GC invocations=2 (full 0):
 garbage-first heap   total 129024K, used 9172K [0x00000000a0000000, 0x0000000100000000)
  region size 1024K, 1 young (1024K), 1 survivors (1024K)
 Metaspace       used 10859K, capacity 11082K, committed 11264K, reserved 1058816K
  class space    used 1145K, capacity 1203K, committed 1280K, reserved 1048576K
}
Event: 1.382 GC heap before
{Heap before GC invocations=2 (full 0):
 garbage-first heap   total 129024K, used 36820K [0x00000000a0000000, 0x0000000100000000)
  region size 1024K, 29 young (29696K), 1 survivors (1024K)
 Metaspace       used 11008K, capacity 11210K, committed 11520K, reserved 1058816K
  class space    used 1147K, capacity 1203K, committed 1280K, reserved 1048576K
}
Event: 1.387 GC heap after
{Heap after GC invocations=3 (full 0):
 garbage-first heap   total 129024K, used 13307K [0x00000000a0000000, 0x0000000100000000)
  region size 1024K, 4 young (4096K), 4 survivors (4096K)
 Metaspace       used 11008K, capacity 11210K, committed 11520K, reserved 1058816K
  class space    used 1147K, capacity 1203K, committed 1280K, reserved 1048576K
}
Event: 2.851 GC heap before
{Heap before GC invocations=3 (full 0):
 garbage-first heap   total 129024K, used 54267K [0x00000000a0000000, 0x0000000100000000)
  region size 1024K, 44 young (45056K), 4 survivors (4096K)
 Metaspace       used 18555K, capacity 18979K, committed 19072K, reserved 1067008K
  class space    used 2243K, capacity 2374K, committed 2432K, reserved 1048576K
}
Event: 2.861 GC heap after
{Heap after GC invocations=4 (full 0):
 garbage-first heap   total 129024K, used 16097K [0x00000000a0000000, 0x0000000100000000)
  region size 1024K, 3 young (3072K), 3 survivors (3072K)
 Metaspace       used 18555K, capacity 18979K, committed 19072K, reserved 1067008K
  class space    used 2243K, capacity 2374K, committed 2432K, reserved 1048576K
}
Event: 3.061 GC heap before
{Heap before GC invocations=4 (full 0):
 garbage-first heap   total 129024K, used 29409K [0x00000000a0000000, 0x0000000100000000)
  region size 1024K, 17 young (17408K), 3 survivors (3072K)
 Metaspace       used 20589K, capacity 21071K, committed 21248K, reserved 1067008K
  class space    used 2531K, capacity 2693K, committed 2816K, reserved 1048576K
}
Event: 3.067 GC heap after
{Heap after GC invocations=5 (full 0):
 garbage-first heap   total 155648K, used 16461K [0x00000000a0000000, 0x0000000100000000)
  region size 1024K, 3 young (3072K), 3 survivors (3072K)
 Metaspace       used 20589K, capacity 21071K, committed 21248K, reserved 1067008K
  class space    used 2531K, capacity 2693K, committed 2816K, reserved 1048576K
}

Deoptimization events (20 events):
Event: 3.223 Thread 0x000000001fdb8000 Uncommon trap: trap_request=0xffffffc6 fr.pc=0x000000000dbf5dd8 relative=0x0000000000000e18
Event: 3.223 Thread 0x000000001fdb8000 Uncommon trap: reason=bimorphic_or_optimized_type_check action=maybe_recompile pc=0x000000000dbf5dd8 method=java.util.HashMap.putVal(ILjava/lang/Object;Ljava/lang/Object;ZZ)Ljava/lang/Object; @ 203 c2
Event: 3.223 Thread 0x000000001fdb8000 DEOPT PACKING pc=0x000000000dbf5dd8 sp=0x0000000022c4a0c0
Event: 3.223 Thread 0x000000001fdb8000 DEOPT UNPACKING pc=0x00000000060a742f sp=0x0000000022c4a090 mode 2
Event: 3.223 Thread 0x000000001fdb8000 Uncommon trap: trap_request=0xffffff4d fr.pc=0x000000000db75e28 relative=0x00000000000001e8
Event: 3.223 Thread 0x000000001fdb8000 Uncommon trap: reason=unstable_if action=reinterpret pc=0x000000000db75e28 method=java.util.HashMap.getNode(ILjava/lang/Object;)Ljava/util/HashMap$Node; @ 129 c2
Event: 3.223 Thread 0x000000001fdb8000 DEOPT PACKING pc=0x000000000db75e28 sp=0x0000000022c4a0f0
Event: 3.223 Thread 0x000000001fdb8000 DEOPT UNPACKING pc=0x00000000060a742f sp=0x0000000022c4a078 mode 2
Event: 3.223 Thread 0x000000001fdb8000 Uncommon trap: trap_request=0xffffffc6 fr.pc=0x000000000dbf5dd8 relative=0x0000000000000e18
Event: 3.223 Thread 0x000000001fdb8000 Uncommon trap: reason=bimorphic_or_optimized_type_check action=maybe_recompile pc=0x000000000dbf5dd8 method=java.util.HashMap.putVal(ILjava/lang/Object;Ljava/lang/Object;ZZ)Ljava/lang/Object; @ 203 c2
Event: 3.223 Thread 0x000000001fdb8000 DEOPT PACKING pc=0x000000000dbf5dd8 sp=0x0000000022c4a0a0
Event: 3.223 Thread 0x000000001fdb8000 DEOPT UNPACKING pc=0x00000000060a742f sp=0x0000000022c4a070 mode 2
Event: 3.399 Thread 0x000000001fdb8000 Uncommon trap: trap_request=0xffffff4d fr.pc=0x000000000db8abc0 relative=0x0000000000000280
Event: 3.399 Thread 0x000000001fdb8000 Uncommon trap: reason=unstable_if action=reinterpret pc=0x000000000db8abc0 method=java.util.concurrent.ConcurrentHashMap.get(Ljava/lang/Object;)Ljava/lang/Object; @ 152 c2
Event: 3.399 Thread 0x000000001fdb8000 DEOPT PACKING pc=0x000000000db8abc0 sp=0x0000000022c48d20
Event: 3.399 Thread 0x000000001fdb8000 DEOPT UNPACKING pc=0x00000000060a742f sp=0x0000000022c48c88 mode 2
Event: 3.503 Thread 0x000000001fdb8000 Uncommon trap: trap_request=0xffffff4d fr.pc=0x000000000dc08128 relative=0x0000000000000168
Event: 3.503 Thread 0x000000001fdb8000 Uncommon trap: reason=unstable_if action=reinterpret pc=0x000000000dc08128 method=java.util.HashMap.getNode(ILjava/lang/Object;)Ljava/util/HashMap$Node; @ 129 c2
Event: 3.503 Thread 0x000000001fdb8000 DEOPT PACKING pc=0x000000000dc08128 sp=0x0000000022c4d050
Event: 3.503 Thread 0x000000001fdb8000 DEOPT UNPACKING pc=0x00000000060a742f sp=0x0000000022c4cf60 mode 2

Classes redefined (0 events):
No events

Internal exceptions (20 events):
Event: 1.856 Thread 0x0000000000221800 Exception <a 'java/lang/NoSuchMethodError'{0x00000000a6b55a28}: 'void java.lang.invoke.DelegatingMethodHandle$Holder.delegate(java.lang.Object, java.lang.Object, int, java.lang.Object)'> (0x00000000a6b55a28) thrown at [./src/hotspot/share/interpreter/linkResolver.cpp, line 773]
Event: 1.882 Thread 0x0000000000221800 Exception <a 'java/lang/NoSuchMethodError'{0x00000000a6a10df0}: 'java.lang.Object java.lang.invoke.DirectMethodHandle$Holder.invokeStaticInit(java.lang.Object, int, int, int, int)'> (0x00000000a6a10df0) thrown at [./src/hotspot/share/interpreter/linkResolver.cpp, line 773]
Event: 2.123 Thread 0x0000000000221800 Exception <a 'java/lang/NoSuchMethodError'{0x00000000a6a997a0}: 'java.lang.Object java.lang.invoke.DirectMethodHandle$Holder.invokeStaticInit(java.lang.Object, java.lang.Object, int, int, int, int)'> (0x00000000a6a997a0) thrown at [./src/hotspot/share/interpreter/linkResolver.cpp, line 773]
Event: 2.490 Thread 0x0000000000221800 Exception <a 'java/io/IOException'{0x00000000a68beaf8}> (0x00000000a68beaf8) thrown at [./src/hotspot/share/prims/jni.cpp, line 615]
Event: 2.657 Thread 0x000000001fdb8000 Exception <a 'java/lang/NoSuchMethodError'{0x00000000a63ca290}: 'void java.lang.invoke.DelegatingMethodHandle$Holder.reinvoke_L(java.lang.Object, java.lang.Object, java.lang.Object, java.lang.Object)'> (0x00000000a63ca290) thrown at [./src/hotspot/share/interpreter/linkResolver.cpp, line 773]
Event: 2.665 Thread 0x000000001fdb8000 Exception <a 'java/lang/NoSuchMethodError'{0x00000000a6201558}: 'long java.lang.invoke.DirectMethodHandle$Holder.invokeInterface(java.lang.Object, java.lang.Object)'> (0x00000000a6201558) thrown at [./src/hotspot/share/interpreter/linkResolver.cpp, line 773]
Event: 2.668 Thread 0x000000001fdb8000 Exception <a 'java/lang/NoSuchMethodError'{0x00000000a6222ce8}: 'void java.lang.invoke.DelegatingMethodHandle$Holder.reinvoke_L(java.lang.Object, java.lang.Object, java.lang.Object, java.lang.Object, java.lang.Object, java.lang.Object, java.lang.Object)'> (0x00000000a6222ce8) thrown at [./src/hotspot/share/interpreter/linkResolver.cpp, line 773]
Event: 2.840 Thread 0x000000001fdb8000 Exception <a 'java/lang/NoSuchMethodError'{0x00000000a5204030}: 'java.lang.Object java.lang.invoke.DirectMethodHandle$Holder.invokeVirtual(java.lang.Object, java.lang.Object, java.lang.Object)'> (0x00000000a5204030) thrown at [./src/hotspot/share/interpreter/linkResolver.cpp, line 773]
Event: 2.887 Thread 0x000000001fdb8000 Exception <a 'java/lang/NoSuchMethodError'{0x00000000a7bc7b00}: 'void java.lang.invoke.DirectMethodHandle$Holder.invokeStaticInit(java.lang.Object)'> (0x00000000a7bc7b00) thrown at [./src/hotspot/share/interpreter/linkResolver.cpp, line 773]
Event: 3.002 Thread 0x000000001fdb8000 Exception <a 'java/lang/NoSuchMethodError'{0x00000000a743e710}: 'int java.lang.invoke.DirectMethodHandle$Holder.invokeSpecialIFC(java.lang.Object, java.lang.Object, java.lang.Object, java.lang.Object)'> (0x00000000a743e710) thrown at [./src/hotspot/share/interpreter/linkResolver.cpp, line 773]
Event: 3.004 Thread 0x000000001fdb8000 Exception <a 'java/lang/NoSuchMethodError'{0x00000000a744c4d0}: 'java.lang.Object java.lang.invoke.DirectMethodHandle$Holder.invokeInterface(java.lang.Object, java.lang.Object, java.lang.Object)'> (0x00000000a744c4d0) thrown at [./src/hotspot/share/interpreter/linkResolver.cpp, line 773]
Event: 3.005 Thread 0x000000001fdb8000 Exception <a 'java/lang/IncompatibleClassChangeError'{0x00000000a744f9a8}: Found class java.lang.Object, but interface was expected> (0x00000000a744f9a8) thrown at [./src/hotspot/share/interpreter/linkResolver.cpp, line 839]
Event: 3.080 Thread 0x000000001fdb8000 Exception <a 'java/lang/NoSuchMethodError'{0x00000000a97e3528}: 'void java.lang.invoke.DirectMethodHandle$Holder.invokeSpecial(java.lang.Object, java.lang.Object)'> (0x00000000a97e3528) thrown at [./src/hotspot/share/interpreter/linkResolver.cpp, line 773]
Event: 3.198 Thread 0x000000001fdb8000 Exception <a 'java/lang/NoSuchMethodError'{0x00000000a8c10d68}: 'java.lang.Object java.lang.invoke.DirectMethodHandle$Holder.invokeVirtual(java.lang.Object, java.lang.Object, java.lang.Object, java.lang.Object)'> (0x00000000a8c10d68) thrown at [./src/hotspot/share/interpreter/linkResolver.cpp, line 773]
Event: 3.444 Thread 0x000000001fdb8000 Exception <a 'java/lang/NoSuchMethodError'{0x00000000a80a2880}: 'void java.lang.invoke.DirectMethodHandle$Holder.invokeSpecial(java.lang.Object, java.lang.Object, java.lang.Object, java.lang.Object, java.lang.Object, java.lang.Object)'> (0x00000000a80a2880) thrown at [./src/hotspot/share/interpreter/linkResolver.cpp, line 773]
Event: 3.489 Thread 0x000000001fdb8000 Exception <a 'java/lang/NoSuchMethodError'{0x00000000a7e36268}: 'java.lang.Object java.lang.invoke.Invokers$Holder.invoker(java.lang.Object, java.lang.Object, java.lang.Object)'> (0x00000000a7e36268) thrown at [./src/hotspot/share/interpreter/linkResolver.cpp, line 773]
Event: 3.528 Thread 0x000000001fdb8000 Exception <a 'java/lang/NoSuchMethodError'{0x00000000a7d29098}: 'void java.lang.invoke.DirectMethodHandle$Holder.invokeSpecial(java.lang.Object, java.lang.Object, java.lang.Object, java.lang.Object, java.lang.Object, java.lang.Object, java.lang.Object)'> (0x00000000a7d29098) thrown at [./src/hotspot/share/interpreter/linkResolver.cpp, line 773]
Event: 3.529 Thread 0x000000001fdb8000 Exception <a 'java/lang/NoSuchMethodError'{0x00000000a7d312e0}: 'java.lang.Object java.lang.invoke.Invokers$Holder.linkToTargetMethod(java.lang.Object, java.lang.Object, java.lang.Object, java.lang.Object, java.lang.Object, java.lang.Object)'> (0x00000000a7d312e0) thrown at [./src/hotspot/share/interpreter/linkResolver.cpp, line 773]
Event: 3.551 Thread 0x000000001fdb8000 Exception <a 'java/lang/NoSuchMethodError'{0x00000000a7c6b208}: 'java.lang.Object java.lang.invoke.DirectMethodHandle$Holder.invokeVirtual(java.lang.Object, java.lang.Object, java.lang.Object, java.lang.Object, java.lang.Object, java.lang.Object, java.lang.Object, java.lang.Object, java.lang.Object, java.lang.Object, java.lang.Object, java.lang.Object, java.lang.Object, java.lang.Object, java.lang.Object, java.lang.Object, java.lang.Object)'> (0x00000000a7c6b208) thrown at [./src/hotspot/share/interpreter/
Event: 3.554 Thread 0x000000001fdb8000 Exception <a 'java/lang/NoSuchMethodError'{0x00000000a7c9d698}: 'java.lang.Object java.lang.invoke.DirectMethodHandle$Holder.invokeSpecial(java.lang.Object, java.lang.Object, java.lang.Object, java.lang.Object, java.lang.Object, java.lang.Object, java.lang.Object, java.lang.Object, java.lang.Object)'> (0x00000000a7c9d698) thrown at [./src/hotspot/share/interpreter/linkResolver.cpp, line 773]

Events (20 events):
Event: 3.680 loading class org/gradle/configurationcache/DefaultConfigurationCache$isConfigurationCacheEnabled$2
Event: 3.680 loading class org/gradle/configurationcache/DefaultConfigurationCache$isConfigurationCacheEnabled$2 done
Event: 3.681 loading class org/gradle/initialization/BuildOptionBuildOperationProgressEventsEmitter
Event: 3.681 loading class org/gradle/initialization/BuildOptionBuildOperationProgressEventsEmitter done
Event: 3.681 loading class org/gradle/initialization/DefaultGradleLauncherFactory$1
Event: 3.681 loading class org/gradle/initialization/DefaultGradleLauncherFactory$1 done
Event: 3.684 loading class org/gradle/configuration/internal/DefaultListenerBuildOperationDecorator
Event: 3.684 loading class org/gradle/configuration/internal/DefaultListenerBuildOperationDecorator done
Event: 3.684 loading class org/gradle/configuration/internal/DefaultListenerBuildOperationDecorator$BuildOperationEmittingClosure
Event: 3.684 loading class org/gradle/configuration/internal/DefaultListenerBuildOperationDecorator$BuildOperationEmittingClosure done
Event: 3.685 loading class org/gradle/internal/snapshot/SnapshotHierarchy
Event: 3.685 loading class org/gradle/internal/snapshot/SnapshotHierarchy done
Event: 3.685 loading class org/gradle/internal/watch/vfs/impl/WatchingVirtualFileSystem
Event: 3.685 loading class org/gradle/internal/watch/vfs/impl/WatchingVirtualFileSystem done
Event: 3.685 loading class java/util/function/UnaryOperator
Event: 3.685 loading class java/util/function/UnaryOperator done
Event: 3.686 loading class org/gradle/internal/invocation/BuildAction
Event: 3.686 loading class org/gradle/internal/invocation/BuildAction done
Event: 3.686 loading class org/gradle/internal/invocation/BuildController
Event: 3.686 loading class org/gradle/internal/invocation/BuildController done


Dynamic libraries:
0x000000013ffd0000 - 0x000000013ffda000 	C:\dev\android-studio\jre\bin\java.exe
0x0000000076de0000 - 0x0000000076f7f000 	C:\Windows\SYSTEM32\ntdll.dll
0x000007fef6c20000 - 0x000007fef6c33000 	C:\Program Files\AVG\Antivirus\aswhook.dll
0x0000000076cc0000 - 0x0000000076ddf000 	C:\Windows\system32\kernel32.dll
0x000007fefca10000 - 0x000007fefca77000 	C:\Windows\system32\KERNELBASE.dll
0x000007fef69b0000 - 0x000007fef69c9000 	C:\dev\android-studio\jre\bin\jli.dll
0x000007fefb050000 - 0x000007fefb245000 	C:\Windows\WinSxS\amd64_microsoft.windows.common-controls_6595b64144ccf1df_6.0.7601.24483_none_e372d88f30fbb845\COMCTL32.dll
0x000007feff030000 - 0x000007feff0cf000 	C:\Windows\system32\msvcrt.dll
0x000007fefd8d0000 - 0x000007fefd937000 	C:\Windows\system32\GDI32.dll
0x0000000076bc0000 - 0x0000000076cbb000 	C:\Windows\system32\USER32.dll
0x000007fefccf0000 - 0x000007fefccfe000 	C:\Windows\system32\LPK.dll
0x000007fefdb20000 - 0x000007fefdbeb000 	C:\Windows\system32\USP10.dll
0x000007fefd850000 - 0x000007fefd8c1000 	C:\Windows\system32\SHLWAPI.dll
0x000007fef63e0000 - 0x000007fef63f7000 	C:\dev\android-studio\jre\bin\VCRUNTIME140.dll
0x000007fef6320000 - 0x000007fef6324000 	C:\Windows\system32\api-ms-win-crt-runtime-l1-1-0.dll
0x000007fef6070000 - 0x000007fef6164000 	C:\Windows\system32\ucrtbase.DLL
0x000007fef6560000 - 0x000007fef6563000 	C:\Windows\system32\api-ms-win-core-timezone-l1-1-0.dll
0x000007fef6310000 - 0x000007fef6313000 	C:\Windows\system32\api-ms-win-core-file-l2-1-0.dll
0x000007fef6300000 - 0x000007fef6303000 	C:\Windows\system32\api-ms-win-core-localization-l1-2-0.dll
0x000007fefb920000 - 0x000007fefb923000 	C:\Windows\system32\api-ms-win-core-synch-l1-2-0.dll
0x000007fef6060000 - 0x000007fef6063000 	C:\Windows\system32\api-ms-win-core-processthreads-l1-1-1.dll
0x000007fef6050000 - 0x000007fef6053000 	C:\Windows\system32\api-ms-win-core-file-l1-2-0.dll
0x000007fef6030000 - 0x000007fef6034000 	C:\Windows\system32\api-ms-win-crt-string-l1-1-0.dll
0x000007fef6040000 - 0x000007fef6043000 	C:\Windows\system32\api-ms-win-crt-heap-l1-1-0.dll
0x000007fef6020000 - 0x000007fef6024000 	C:\Windows\system32\api-ms-win-crt-stdio-l1-1-0.dll
0x000007fef6010000 - 0x000007fef6014000 	C:\Windows\system32\api-ms-win-crt-convert-l1-1-0.dll
0x000007fef6000000 - 0x000007fef6003000 	C:\Windows\system32\api-ms-win-crt-environment-l1-1-0.dll
0x000007fef5e40000 - 0x000007fef5e43000 	C:\Windows\system32\api-ms-win-crt-filesystem-l1-1-0.dll
0x000007fef5fe0000 - 0x000007fef5fe5000 	C:\Windows\system32\api-ms-win-crt-math-l1-1-0.dll
0x000007fef1740000 - 0x000007fef1743000 	C:\Windows\system32\api-ms-win-crt-locale-l1-1-0.dll
0x000007fefed70000 - 0x000007fefed9e000 	C:\Windows\system32\IMM32.DLL
0x000007fefeda0000 - 0x000007fefeeab000 	C:\Windows\system32\MSCTF.dll
0x000007fefc870000 - 0x000007fefc8a0000 	C:\Windows\system32\nvinitx.dll
0x000007fefc820000 - 0x000007fefc82c000 	C:\Windows\system32\VERSION.dll
0x000007fefeeb0000 - 0x000007fefef8b000 	C:\Windows\system32\ADVAPI32.dll
0x000007fefdbf0000 - 0x000007fefdc0f000 	C:\Windows\SYSTEM32\sechost.dll
0x000007fefd170000 - 0x000007fefd29c000 	C:\Windows\system32\RPCRT4.dll
0x00000000744f0000 - 0x00000000744f6000 	C:\Program Files\NVIDIA Corporation\CoProcManager\detoured.dll
0x000007fef94f0000 - 0x000007fef9528000 	C:\Program Files\NVIDIA Corporation\CoProcManager\nvd3d9wrapx.dll
0x000007fefd940000 - 0x000007fefdb17000 	C:\Windows\system32\SETUPAPI.dll
0x000007fefcb10000 - 0x000007fefcb46000 	C:\Windows\system32\CFGMGR32.dll
0x000007fefea70000 - 0x000007fefeb4b000 	C:\Windows\system32\OLEAUT32.dll
0x000007fefeb70000 - 0x000007fefed6f000 	C:\Windows\system32\ole32.dll
0x000007fefcaf0000 - 0x000007fefcb0a000 	C:\Windows\system32\DEVOBJ.dll
0x000007fef92c0000 - 0x000007fef92e4000 	C:\Program Files\NVIDIA Corporation\CoProcManager\nvdxgiwrapx.dll
0x000007fef5f40000 - 0x000007fef5fdd000 	C:\dev\android-studio\jre\bin\msvcp140.dll
0x000007fef69a0000 - 0x000007fef69a5000 	C:\Windows\system32\api-ms-win-crt-multibyte-l1-1-0.dll
0x000007fef5e30000 - 0x000007fef5e33000 	C:\Windows\system32\api-ms-win-crt-time-l1-1-0.dll
0x000007fef5ff0000 - 0x000007fef5ff3000 	C:\Windows\system32\api-ms-win-crt-utility-l1-1-0.dll
0x000007fec4060000 - 0x000007fec4b1c000 	C:\dev\android-studio\jre\bin\server\jvm.dll
0x000007fef8f00000 - 0x000007fef8f09000 	C:\Windows\system32\WSOCK32.dll
0x000007fefdc10000 - 0x000007fefdc5d000 	C:\Windows\system32\WS2_32.dll
0x000007fefcd00000 - 0x000007fefcd08000 	C:\Windows\system32\NSI.dll
0x000007fef8fb0000 - 0x000007fef8feb000 	C:\Windows\system32\WINMM.dll
0x0000000076f90000 - 0x0000000076f97000 	C:\Windows\system32\PSAPI.DLL
0x000007fef1fd0000 - 0x000007fef1fe1000 	C:\dev\android-studio\jre\bin\verify.dll
0x000007fefa250000 - 0x000007fefa375000 	C:\Windows\system32\DBGHELP.DLL
0x000007fef1bc0000 - 0x000007fef1be9000 	C:\dev\android-studio\jre\bin\java.dll
0x000007fef5e20000 - 0x000007fef5e2b000 	C:\dev\android-studio\jre\bin\jimage.dll
0x000007fef1820000 - 0x000007fef1838000 	C:\dev\android-studio\jre\bin\zip.dll
0x000007fefdce0000 - 0x000007fefea6b000 	C:\Windows\system32\SHELL32.dll
0x000007fefc930000 - 0x000007fefc93f000 	C:\Windows\system32\profapi.dll
0x000007fef13f0000 - 0x000007fef140a000 	C:\dev\android-studio\jre\bin\net.dll
0x000007fef8620000 - 0x000007fef8691000 	C:\Windows\system32\WINHTTP.dll
0x000007fef85b0000 - 0x000007fef8615000 	C:\Windows\system32\webio.dll
0x000007fefc030000 - 0x000007fefc085000 	C:\Windows\system32\mswsock.dll
0x000007fefc020000 - 0x000007fefc027000 	C:\Windows\System32\wship6.dll
0x000007feeec70000 - 0x000007feeec84000 	C:\dev\android-studio\jre\bin\nio.dll
0x000007fef5ed0000 - 0x000007fef5ef6000 	C:\Users\Vicki\.gradle\native\fdc75f09e3144964f2cf3f50f0aa648679c211496f362492102eb8c894070792\windows-amd64\native-platform.dll
0x000007fed4b30000 - 0x000007fed4cc1000 	C:\Users\Vicki\.gradle\native\12488b8bf47d2d4c9fbf2f6322a914ad602e24e48041cd04a747c6da556b65c4\windows-amd64\native-platform-file-events.dll
0x000007fef3510000 - 0x000007fef351a000 	C:\dev\android-studio\jre\bin\management.dll
0x000007fef1810000 - 0x000007fef181c000 	C:\dev\android-studio\jre\bin\management_ext.dll
0x000007fefc090000 - 0x000007fefc0a8000 	C:\Windows\system32\CRYPTSP.dll
0x000007fefbd90000 - 0x000007fefbdd7000 	C:\Windows\system32\rsaenh.dll
0x000007fefc950000 - 0x000007fefc96f000 	C:\Windows\system32\USERENV.dll
0x000007fefc6f0000 - 0x000007fefc6ff000 	C:\Windows\system32\CRYPTBASE.dll
0x000007fef9aa0000 - 0x000007fef9ac7000 	C:\Windows\system32\IPHLPAPI.DLL
0x000007fef9a40000 - 0x000007fef9a4b000 	C:\Windows\system32\WINNSI.DLL
0x000007fef9880000 - 0x000007fef9898000 	C:\Windows\system32\dhcpcsvc.DLL
0x000007fef9760000 - 0x000007fef9771000 	C:\Windows\system32\dhcpcsvc6.DLL

dbghelp: loaded successfully - version: 4.0.5 - missing functions: none
symbol engine: initialized successfully - sym options: 0x614 - pdb path: .;C:\dev\android-studio\jre\bin;C:\Windows\SYSTEM32;C:\Program Files\AVG\Antivirus;C:\Windows\WinSxS\amd64_microsoft.windows.common-controls_6595b64144ccf1df_6.0.7601.24483_none_e372d88f30fbb845;C:\Program Files\NVIDIA Corporation\CoProcManager;C:\dev\android-studio\jre\bin\server;C:\Users\Vicki\.gradle\native\fdc75f09e3144964f2cf3f50f0aa648679c211496f362492102eb8c894070792\windows-amd64;C:\Users\Vicki\.gradle\native\12488b8bf47d2d4c9fbf2f6322a914ad602e24e48041cd04a747c6da556b65c4\windows-amd64

VM Arguments:
jvm_args: --add-opens=java.base/java.util=ALL-UNNAMED --add-opens=java.base/java.lang=ALL-UNNAMED --add-opens=java.base/java.lang.invoke=ALL-UNNAMED --add-opens=java.prefs/java.util.prefs=ALL-UNNAMED -Xmx1536M -Dfile.encoding=x-windows-950 -Duser.country=HK -Duser.language=zh -Duser.variant 
java_command: org.gradle.launcher.daemon.bootstrap.GradleDaemon 6.7
java_class_path (initial): C:\Users\Vicki\.gradle\wrapper\dists\gradle-6.7-all\cuy9mc7upwgwgeb72wkcrupxe\gradle-6.7\lib\gradle-launcher-6.7.jar
Launcher Type: SUN_STANDARD

[Global flags]
     intx CICompilerCount                          = 3                                         {product} {ergonomic}
     uint ConcGCThreads                            = 1                                         {product} {ergonomic}
     uint G1ConcRefinementThreads                  = 4                                         {product} {ergonomic}
   size_t G1HeapRegionSize                         = 1048576                                   {product} {ergonomic}
    uintx GCDrainStackTargetSize                   = 64                                        {product} {ergonomic}
   size_t InitialHeapSize                          = 132120576                                 {product} {ergonomic}
   size_t MarkStackSize                            = 4194304                                   {product} {ergonomic}
   size_t MaxHeapSize                              = 1610612736                                {product} {command line}
   size_t MaxNewSize                               = 965738496                                 {product} {ergonomic}
   size_t MinHeapDeltaBytes                        = 1048576                                   {product} {ergonomic}
    uintx NonNMethodCodeHeapSize                   = 5830732                                {pd product} {ergonomic}
    uintx NonProfiledCodeHeapSize                  = 122913754                              {pd product} {ergonomic}
    uintx ProfiledCodeHeapSize                     = 122913754                              {pd product} {ergonomic}
    uintx ReservedCodeCacheSize                    = 251658240                              {pd product} {ergonomic}
     bool SegmentedCodeCache                       = true                                      {product} {ergonomic}
     bool UseCompressedClassPointers               = true                                 {lp64_product} {ergonomic}
     bool UseCompressedOops                        = true                                 {lp64_product} {ergonomic}
     bool UseG1GC                                  = true                                      {product} {ergonomic}
     bool UseLargePagesIndividualAllocation        = false                                  {pd product} {ergonomic}

Logging:
Log output configuration:
 #0: stdout all=warning uptime,level,tags
 #1: stderr all=off uptime,level,tags

Environment Variables:
JAVA_HOME=C:\dev\android-studio\jre
CLASSPATH=C:\dev2\flutterup\ml_kit\android\\gradle\wrapper\gradle-wrapper.jar
PATH=C:\Program Files\Common Files\Microsoft Shared\Windows Live;C:\Program Files (x86)\Common Files\Microsoft Shared\Windows Live;C:\Windows\system32;C:\Windows;C:\Windows\System32\Wbem;C:\Windows\System32\WindowsPowerShell\v1.0\;C:\Program Files (x86)\Windows Live\Shared;C:\Program Files\WIDCOMM\Bluetooth Software\;C:\Program Files\WIDCOMM\Bluetooth Software\syswow64;C:\Program Files (x86)\QuickTime\QTSystem\;C:\Program Files\Common Files\Autodesk Shared\;C:\Program Files (x86)\Skype\Phone\;C:\Windows\System32\WindowsPowerShell\v1.0\;C:\Program Files\PowerShell\7\;C:\Windows\System32\WindowsPowerShell\v1.0\;C:\dev\flutter\bin;C:\dev\git;C:\dev\git\cmd;C:\dev\MinGW-w64\bin;C:\dev\node;C:\dev\node\node_modules;C:\dev\VSCode;C:\Program Files (x86)\gfortran\bin;C:\dev\flutter\bin\mingit\cmd
USERNAME=Vicki
OS=Windows_NT
PROCESSOR_IDENTIFIER=Intel64 Family 6 Model 42 Stepping 7, GenuineIntel



---------------  S Y S T E M  ---------------

OS: Windows 7 , 64 bit Build 7601 (6.1.7601.24545)
OS uptime: 0 days 5:05 hours

CPU:total 4 (initial active 4) (2 cores per cpu, 2 threads per core) family 6 model 42 stepping 7, cmov, cx8, fxsr, mmx, sse, sse2, sse3, ssse3, sse4.1, sse4.2, popcnt, avx, clmul, ht, tsc, tscinvbit

Memory: 4k page, system-wide physical 8043M (1976M free)
TotalPageFile size 16085M (AvailPageFile size 9439M)
current process WorkingSet (physical memory assigned to process): 218M, peak: 218M
current process commit charge ("private bytes"): 319M, peak: 319M

vm_info: OpenJDK 64-Bit Server VM (11.0.8+10-b944.6842174) for windows-amd64 JRE (11.0.8+10-b944.6842174), built on Sep 19 2020 01:11:42 by "builder" with MS VC++ 14.0 (VS2015)

END.
